<?xml version="1.0" encoding="UTF-8"?>
<!-- Generated by org.testng.reporters.JUnitXMLReporter -->
<testsuite hostname="Shambhu" name="Test" tests="4" failures="0" timestamp="19 May 2017 14:12:32 GMT" time="21.392" errors="0">
  <testcase name="soltechPager" time="0.293" classname="sol.tech.testcase.TestCases"/>
  <testcase name="openPosition" time="1.285" classname="sol.tech.testcase.TestCases"/>
  <testcase name="typeQA" time="1.877" classname="sol.tech.testcase.TestCases"/>
  <testcase name="clickOnQAEngineer" time="2.22" classname="sol.tech.testcase.TestCases"/>
</testsuite> <!-- Test -->
